[debug] [2026-04-27T22:11:25.483Z] ----------------------------------------------------------------------
[debug] [2026-04-27T22:11:25.485Z] Command:       C:\Program Files\nodejs\node.exe C:\Users\91910\AppData\Roaming\npm\node_modules\firebase-tools\lib\bin\firebase.js emulators:start
[debug] [2026-04-27T22:11:25.486Z] CLI Version:   15.7.0
[debug] [2026-04-27T22:11:25.486Z] Platform:      win32
[debug] [2026-04-27T22:11:25.486Z] Node Version:  v24.12.0
[debug] [2026-04-27T22:11:25.486Z] Time:          Mon Apr 27 2026 18:11:25 GMT-0400 (Eastern Daylight Time)
[debug] [2026-04-27T22:11:25.487Z] ----------------------------------------------------------------------
[debug] 
[debug] [2026-04-27T22:11:26.670Z] > command requires scopes: ["email","openid","https://www.googleapis.com/auth/cloudplatformprojects.readonly","https://www.googleapis.com/auth/firebase","https://www.googleapis.com/auth/cloud-platform"]
[debug] [2026-04-27T22:11:26.670Z] > authorizing via signed-in user (nikhil@americantelugufederation.org)
[info] i  emulators: Starting emulators: functions, extensions {"metadata":{"emulator":{"name":"hub"},"message":"Starting emulators: functions, extensions"}}
[debug] [2026-04-27T22:11:26.675Z] Checked if tokens are valid: true, expires at: 1777331474327
[debug] [2026-04-27T22:11:26.676Z] Checked if tokens are valid: true, expires at: 1777331474327
[debug] [2026-04-27T22:11:26.677Z] >>> [apiv2][query] GET https://cloudresourcemanager.googleapis.com/v1/projects/atf-vaktha [none]
[debug] [2026-04-27T22:11:27.010Z] <<< [apiv2][status] GET https://cloudresourcemanager.googleapis.com/v1/projects/atf-vaktha 200
[debug] [2026-04-27T22:11:27.011Z] <<< [apiv2][body] GET https://cloudresourcemanager.googleapis.com/v1/projects/atf-vaktha {"projectNumber":"903500571964","projectId":"atf-vaktha","lifecycleState":"ACTIVE","name":"atf-vaktha","labels":{"firebase":"enabled","firebase-core":"disabled"},"createTime":"2026-03-11T14:06:14.933808Z","parent":{"type":"organization","id":"513298979848"}}
[debug] [2026-04-27T22:11:27.022Z] [logging] Logging Emulator only supports listening on one address (127.0.0.1). Not listening on ::1
[debug] [2026-04-27T22:11:27.022Z] assigned listening specs for emulators {"user":{"hub":[{"address":"127.0.0.1","family":"IPv4","port":4400},{"address":"::1","family":"IPv6","port":4400}],"ui":[{"address":"127.0.0.1","family":"IPv4","port":4000},{"address":"::1","family":"IPv6","port":4000}],"logging":[{"address":"127.0.0.1","family":"IPv4","port":4500}]},"metadata":{"message":"assigned listening specs for emulators"}}
[debug] [2026-04-27T22:11:27.027Z] Write emulator hub locator at C:\Users\91910\AppData\Local\Temp\hub-atf-vaktha.json
[debug] [2026-04-27T22:11:27.034Z] [Extensions] Started Extensions emulator, this is a noop.
[debug] [2026-04-27T22:11:27.039Z] [functions] Functions Emulator only supports listening on one address (127.0.0.1). Not listening on ::1
[debug] [2026-04-27T22:11:27.039Z] [eventarc] Eventarc Emulator only supports listening on one address (127.0.0.1). Not listening on ::1
[debug] [2026-04-27T22:11:27.039Z] [tasks] Cloud Tasks Emulator only supports listening on one address (127.0.0.1). Not listening on ::1
[debug] [2026-04-27T22:11:27.039Z] late-assigned ports for functions and eventarc emulators {"user":{"hub":[{"address":"127.0.0.1","family":"IPv4","port":4400},{"address":"::1","family":"IPv6","port":4400}],"ui":[{"address":"127.0.0.1","family":"IPv4","port":4000},{"address":"::1","family":"IPv6","port":4000}],"logging":[{"address":"127.0.0.1","family":"IPv4","port":4500}],"functions":[{"address":"127.0.0.1","family":"IPv4","port":5001}],"eventarc":[{"address":"127.0.0.1","family":"IPv4","port":9299}],"tasks":[{"address":"127.0.0.1","family":"IPv4","port":9499}]},"metadata":{"message":"late-assigned ports for functions and eventarc emulators"}}
[warn] !  functions: The following emulators are not running, calls to these services from the Functions emulator will affect production: apphosting, auth, firestore, database, hosting, pubsub, storage, dataconnect {"metadata":{"emulator":{"name":"functions"},"message":"The following emulators are not running, calls to these services from the Functions emulator will affect production: \u001b[1mapphosting, auth, firestore, database, hosting, pubsub, storage, dataconnect\u001b[22m"}}
[debug] [2026-04-27T22:11:27.075Z] defaultcredentials: writing to file C:\Users\91910\AppData\Roaming\firebase\nikhil_americantelugufederation_org_application_default_credentials.json
[debug] [2026-04-27T22:11:27.076Z] Setting GAC to C:\Users\91910\AppData\Roaming\firebase\nikhil_americantelugufederation_org_application_default_credentials.json {"metadata":{"emulator":{"name":"functions"},"message":"Setting GAC to C:\\Users\\91910\\AppData\\Roaming\\firebase\\nikhil_americantelugufederation_org_application_default_credentials.json"}}
[debug] [2026-04-27T22:11:27.076Z] Checked if tokens are valid: true, expires at: 1777331474327
[debug] [2026-04-27T22:11:27.076Z] Checked if tokens are valid: true, expires at: 1777331474327
[debug] [2026-04-27T22:11:27.076Z] >>> [apiv2][query] GET https://firebase.googleapis.com/v1beta1/projects/atf-vaktha/adminSdkConfig [none]
[debug] [2026-04-27T22:11:27.399Z] <<< [apiv2][status] GET https://firebase.googleapis.com/v1beta1/projects/atf-vaktha/adminSdkConfig 200
[debug] [2026-04-27T22:11:27.399Z] <<< [apiv2][body] GET https://firebase.googleapis.com/v1beta1/projects/atf-vaktha/adminSdkConfig {"projectId":"atf-vaktha","storageBucket":"atf-vaktha.firebasestorage.app"}
[debug] [2026-04-27T22:11:27.420Z] [Extensions] Connecting Extensions emulator, this is a noop.
[info] i  functions: Watching "C:\Users\91910\projects\atf-vaktha-portal\atf-vaktha-portal\functions" for Cloud Functions... {"metadata":{"emulator":{"name":"functions"},"message":"Watching \"C:\\Users\\91910\\projects\\atf-vaktha-portal\\atf-vaktha-portal\\functions\" for Cloud Functions..."}}
[debug] [2026-04-27T22:11:27.427Z] Validating nodejs source
[warn] !  functions: package.json indicates an outdated version of firebase-functions. Please upgrade using npm install --save firebase-functions@latest in your functions directory. 
[debug] [2026-04-27T22:11:28.295Z] > [functions] package.json contents: {
  "name": "functions",
  "description": "Firebase Cloud Functions for ATF Vaktha AI Speech Processing",
  "private": true,
  "engines": {
    "node": "20"
  },
  "main": "lib/index.js",
  "scripts": {
    "lint": "eslint .",
    "build": "tsc",
    "build:watch": "tsc --watch",
    "serve": "npm run build && firebase emulators:start --only functions",
    "shell": "npm run build && firebase functions:shell",
    "start": "npm run shell",
    "deploy": "firebase deploy --only functions",
    "logs": "firebase functions:log"
  },
  "dependencies": {
    "@google-cloud/speech": "^7.3.0",
    "ffmpeg-static": "^5.3.0",
    "firebase-admin": "^13.7.0",
    "firebase-functions": "^7.2.0",
    "fluent-ffmpeg": "^2.1.3"
  },
  "devDependencies": {
    "@types/fluent-ffmpeg": "^2.1.28",
    "@typescript-eslint/eslint-plugin": "^5.62.0",
    "@typescript-eslint/parser": "^5.62.0",
    "eslint": "^8.57.0",
    "eslint-config-google": "^0.14.0",
    "eslint-plugin-import": "^2.29.0",
    "firebase-functions-test": "^3.4.1",
    "typescript": "^5.7.3"
  }
}
[debug] [2026-04-27T22:11:28.295Z] Building nodejs source
[debug] [2026-04-27T22:11:28.295Z] Failed to find version of module node: reached end of search path C:\Users\91910\projects\atf-vaktha-portal\atf-vaktha-portal\functions\node_modules
[warn] !  functions: Your requested "node" version "20" doesn't match your global version "24". Using node@24 from host. 
[debug] [2026-04-27T22:11:28.297Z] Could not find functions.yaml. Must use http discovery
[debug] [2026-04-27T22:11:28.305Z] Found firebase-functions binary at 'C:\Users\91910\projects\atf-vaktha-portal\atf-vaktha-portal\functions\node_modules\.bin\firebase-functions'
[info] Serving at port 8829

[debug] [2026-04-27T22:11:29.541Z] Got response from /__/functions.yaml {"endpoints":{"processSpeechStorage":{"platform":"gcfv2","availableMemoryMb":null,"timeoutSeconds":null,"minInstances":null,"maxInstances":10,"ingressSettings":null,"concurrency":null,"serviceAccountEmail":null,"vpc":null,"region":["us-central1"],"labels":{},"eventTrigger":{"eventType":"google.cloud.storage.object.v1.finalized","eventFilters":{"bucket":"atf-vaktha.firebasestorage.app"},"retry":false},"entryPoint":"processSpeechStorage"}},"specVersion":"v1alpha1","requiredAPIs":[],"extensions":{}}
[debug] [2026-04-27T22:11:33.611Z] defaultcredentials: writing to file C:\Users\91910\AppData\Roaming\firebase\nikhil_americantelugufederation_org_application_default_credentials.json
[debug] [2026-04-27T22:11:33.611Z] Setting GAC to C:\Users\91910\AppData\Roaming\firebase\nikhil_americantelugufederation_org_application_default_credentials.json {"metadata":{"emulator":{"name":"functions"},"message":"Setting GAC to C:\\Users\\91910\\AppData\\Roaming\\firebase\\nikhil_americantelugufederation_org_application_default_credentials.json"}}
[info] +  functions: Loaded functions definitions from source: processSpeechStorage. {"metadata":{"emulator":{"name":"functions"},"message":"Loaded functions definitions from source: processSpeechStorage."}}
[debug] [2026-04-27T22:11:33.614Z] addStorageTrigger {"eventTrigger":{"eventType":"google.cloud.storage.object.v1.finalized","resource":"atf-vaktha.firebasestorage.app","eventFilters":{"bucket":"atf-vaktha.firebasestorage.app"}}}
[info] +  functions[us-central1-processSpeechStorage]: storage function initialized. {"metadata":{"emulator":{"name":"functions"},"message":"\u001b[1mstorage\u001b[22m function initialized."}}
[debug] [2026-04-27T22:11:33.618Z] Could not find VSCode notification endpoint: FetchError: request to http://localhost:40001/vscode/notify failed, reason: . If you are not running the Firebase Data Connect VSCode extension, this is expected and not an issue.
[info] 
┌─────────────────────────────────────────────────────────────┐
│ ✔  All emulators ready! It is now safe to connect your app. │
│ i  View Emulator UI at http://127.0.0.1:4000/               │
└─────────────────────────────────────────────────────────────┘

┌────────────┬────────────────┬──────────────────────────────────┐
│ Emulator   │ Host:Port      │ View in Emulator UI              │
├────────────┼────────────────┼──────────────────────────────────┤
│ Functions  │ 127.0.0.1:5001 │ http://127.0.0.1:4000/functions  │
├────────────┼────────────────┼──────────────────────────────────┤
│ Extensions │ 127.0.0.1:5001 │ http://127.0.0.1:4000/extensions │
└────────────┴────────────────┴──────────────────────────────────┘
  Emulator Hub host: 127.0.0.1 port: 4400
  Other reserved ports: 4500
┌─────────────────────────┬───────────────┬─────────────────────┐
│ Extension Instance Name │ Extension Ref │ View in Emulator UI │
└─────────────────────────┴───────────────┴─────────────────────┘
Issues? Report them at https://github.com/firebase/firebase-tools/issues and attach the *-debug.log files.
 
